#
# There is insufficient memory for the Java Runtime Environment to continue.
# Native memory allocation (mmap) failed to map 123731968 bytes. Error detail: G1 virtual space
# Possible reasons:
#   The system is out of physical RAM or swap space
#   This process is running with CompressedOops enabled, and the Java Heap may be blocking the growth of the native heap
# Possible solutions:
#   Reduce memory load on the system
#   Increase physical memory or swap space
#   Check if swap backing store is full
#   Decrease Java heap size (-Xmx/-Xms)
#   Decrease number of Java threads
#   Decrease Java thread stack sizes (-Xss)
#   Set larger code cache with -XX:ReservedCodeCacheSize=
#   JVM is running with Unscaled Compressed Oops mode in which the Java heap is
#     placed in the first 4GB address space. The Java Heap base address is the
#     maximum limit for the native heap growth. Please use -XX:HeapBaseMinAddress
#     to set the Java Heap base and to place the Java Heap above 4GB virtual address.
# This output file may be truncated or incomplete.
#
#  Out of Memory Error (os_windows.cpp:3825), pid=4648, tid=19800
#
# JRE version:  (17.0.11) (build )
# Java VM: OpenJDK 64-Bit Server VM (17.0.11+0--11852314, mixed mode, sharing, tiered, compressed oops, compressed class ptrs, g1 gc, windows-amd64)
# No core dump will be written. Minidumps are not enabled by default on client versions of Windows
#

---------------  S U M M A R Y ------------

Command Line: org.jetbrains.kotlin.cli.jvm.K2JVMCompiler @C:\Users\Dell\Downloads\TugasRetrofit\TugasRetrofit\app\build\20241119_13693705311821622045.compiler.options

Host: AMD Ryzen 5 5500U with Radeon Graphics         , 12 cores, 7G,  Windows 11 , 64 bit Build 22621 (10.0.22621.3958)
Time: Tue Nov 19 10:45:56 2024 SE Asia Standard Time elapsed time: 0.014930 seconds (0d 0h 0m 0s)

---------------  T H R E A D  ---------------

Current thread (0x0000020957f4a510):  JavaThread "Unknown thread" [_thread_in_vm, id=19800, stack(0x000000df60900000,0x000000df60a00000)]

Stack: [0x000000df60900000,0x000000df60a00000]
Native frames: (J=compiled Java code, j=interpreted, Vv=VM code, C=native code)
V  [jvm.dll+0x687bb9]
V  [jvm.dll+0x84142a]
V  [jvm.dll+0x8430ae]
V  [jvm.dll+0x843713]
V  [jvm.dll+0x24a35f]
V  [jvm.dll+0x684989]
V  [jvm.dll+0x67923a]
V  [jvm.dll+0x30af0b]
V  [jvm.dll+0x3123b6]
V  [jvm.dll+0x361dfe]
V  [jvm.dll+0x36202f]
V  [jvm.dll+0x2e0d38]
V  [jvm.dll+0x2e1ca4]
V  [jvm.dll+0x811f21]
V  [jvm.dll+0x36fb68]
V  [jvm.dll+0x7f0896]
V  [jvm.dll+0x3f3d2f]
V  [jvm.dll+0x3f58e1]
C  [jli.dll+0x528f]
C  [ucrtbase.dll+0x29333]
C  [KERNEL32.DLL+0x1257d]
C  [ntdll.dll+0x5af08]


---------------  P R O C E S S  ---------------

Threads class SMR info:
_java_thread_list=0x00007ffd4dc8efd8, length=0, elements={
}

Java Threads: ( => current thread )

Other Threads:
  0x0000020957fa3370 GCTaskThread "GC Thread#0" [stack: 0x000000df60a00000,0x000000df60b00000] [id=32908]
  0x0000020957fb2e40 ConcurrentGCThread "G1 Main Marker" [stack: 0x000000df60b00000,0x000000df60c00000] [id=31564]
  0x0000020957fb3860 ConcurrentGCThread "G1 Conc#0" [stack: 0x000000df60c00000,0x000000df60d00000] [id=15732]

[error occurred during error reporting (printing all threads), id 0xc0000005, EXCEPTION_ACCESS_VIOLATION (0xc0000005) at pc=0x00007ffd4d441907]

VM state: not at safepoint (not fully initialized)

VM Mutex/Monitor currently owned by a thread:  ([mutex/lock_event])
[0x0000020957f45760] Heap_lock - owner thread: 0x0000020957f4a510

Heap address: 0x000000008a400000, size: 1884 MB, Compressed Oops mode: 32-bit

CDS archive(s) mapped at: [0x0000000000000000-0x0000000000000000-0x0000000000000000), size 0, SharedBaseAddress: 0x0000000800000000, ArchiveRelocationMode: 1.
Narrow klass base: 0x0000000000000000, Narrow klass shift: 0, Narrow klass range: 0x0

GC Precious Log:
<Empty>

Heap:
 garbage-first heap   total 0K, used 0K [0x000000008a400000, 0x0000000100000000)
  region size 1024K, 0 young (0K), 0 survivors (0K)
 Metaspace       used 0K, committed 0K, reserved 0K
  class space    used 0K, committed 0K, reserved 0K

Heap Regions: E=young(eden), S=young(survivor), O=old, HS=humongous(starts), HC=humongous(continues), CS=collection set, F=free, OA=open archive, CA=closed archive, TAMS=top-at-mark-start (previous, next)

Card table byte_map: [0x000002096ad30000,0x000002096b0e0000] _byte_map_base: 0x000002096a8de000

Marking Bits (Prev, Next): (CMBitMap*) 0x0000020957fa3990, (CMBitMap*) 0x0000020957fa39d0
 Prev Bits: [0x000002096b490000, 0x000002096d200000)
 Next Bits: [0x000002096d200000, 0x000002096ef70000)

GC Heap History (0 events):
No events

Dll operation events (1 events):
Event: 0.009 Loaded shared library C:\Program Files\Android\Android Studio\jbr\bin\java.dll

Deoptimization events (0 events):
No events

Classes unloaded (0 events):
No events

Classes redefined (0 events):
No events

Internal exceptions (0 events):
No events

VM Operations (0 events):
No events

Events (0 events):
No events


Dynamic libraries:
0x00007ff77fb60000 - 0x00007ff77fb6a000 	C:\Program Files\Android\Android Studio\jbr\bin\java.exe
0x00007ffe410d0000 - 0x00007ffe412e7000 	C:\WINDOWS\SYSTEM32\ntdll.dll
0x00007ffe40250000 - 0x00007ffe40314000 	C:\WINDOWS\System32\KERNEL32.DLL
0x00007ffe3e900000 - 0x00007ffe3ecb7000 	C:\WINDOWS\System32\KERNELBASE.dll
0x00007ffe3e610000 - 0x00007ffe3e721000 	C:\WINDOWS\System32\ucrtbase.dll
0x00007ffdf8570000 - 0x00007ffdf858b000 	C:\Program Files\Android\Android Studio\jbr\bin\VCRUNTIME140.dll
0x00007ffdf6f80000 - 0x00007ffdf6f97000 	C:\Program Files\Android\Android Studio\jbr\bin\jli.dll
0x00007ffe3fe70000 - 0x00007ffe4001f000 	C:\WINDOWS\System32\USER32.dll
0x00007ffe14a40000 - 0x00007ffe14cd3000 	C:\WINDOWS\WinSxS\amd64_microsoft.windows.common-controls_6595b64144ccf1df_6.0.22621.3672_none_2713b9d173822955\COMCTL32.dll
0x00007ffe3e8d0000 - 0x00007ffe3e8f6000 	C:\WINDOWS\System32\win32u.dll
0x00007ffe409b0000 - 0x00007ffe40a57000 	C:\WINDOWS\System32\msvcrt.dll
0x00007ffe40980000 - 0x00007ffe409a9000 	C:\WINDOWS\System32\GDI32.dll
0x00007ffe3e4f0000 - 0x00007ffe3e608000 	C:\WINDOWS\System32\gdi32full.dll
0x00007ffe3e3e0000 - 0x00007ffe3e47a000 	C:\WINDOWS\System32\msvcp_win.dll
0x00007ffe40150000 - 0x00007ffe40181000 	C:\WINDOWS\System32\IMM32.DLL
0x00007ffe03820000 - 0x00007ffe0382c000 	C:\Program Files\Android\Android Studio\jbr\bin\vcruntime140_1.dll
0x00007ffddf710000 - 0x00007ffddf79d000 	C:\Program Files\Android\Android Studio\jbr\bin\msvcp140.dll
0x00007ffd4d150000 - 0x00007ffd4ddd3000 	C:\Program Files\Android\Android Studio\jbr\bin\server\jvm.dll
0x00007ffe40190000 - 0x00007ffe40242000 	C:\WINDOWS\System32\ADVAPI32.dll
0x00007ffe40020000 - 0x00007ffe400c8000 	C:\WINDOWS\System32\sechost.dll
0x00007ffe3e730000 - 0x00007ffe3e758000 	C:\WINDOWS\System32\bcrypt.dll
0x00007ffe3ee00000 - 0x00007ffe3ef14000 	C:\WINDOWS\System32\RPCRT4.dll
0x00007ffe3e100000 - 0x00007ffe3e14d000 	C:\WINDOWS\SYSTEM32\POWRPROF.dll
0x00007ffe1c5a0000 - 0x00007ffe1c5a9000 	C:\WINDOWS\SYSTEM32\WSOCK32.dll
0x00007ffe3bda0000 - 0x00007ffe3bdd4000 	C:\WINDOWS\SYSTEM32\WINMM.dll
0x00007ffe408a0000 - 0x00007ffe40911000 	C:\WINDOWS\System32\WS2_32.dll
0x00007ffe34c50000 - 0x00007ffe34c5a000 	C:\WINDOWS\SYSTEM32\VERSION.dll
0x00007ffe3e0e0000 - 0x00007ffe3e0f3000 	C:\WINDOWS\SYSTEM32\UMPDC.dll
0x00007ffe3d410000 - 0x00007ffe3d428000 	C:\WINDOWS\SYSTEM32\kernel.appcore.dll
0x00007ffe11ee0000 - 0x00007ffe11eea000 	C:\Program Files\Android\Android Studio\jbr\bin\jimage.dll
0x00007ffe3bae0000 - 0x00007ffe3bd12000 	C:\WINDOWS\SYSTEM32\DBGHELP.DLL
0x00007ffe3f160000 - 0x00007ffe3f4ee000 	C:\WINDOWS\System32\combase.dll
0x00007ffe40d10000 - 0x00007ffe40de7000 	C:\WINDOWS\System32\OLEAUT32.dll
0x00007ffe3bd60000 - 0x00007ffe3bd92000 	C:\WINDOWS\SYSTEM32\dbgcore.DLL
0x00007ffe3ecc0000 - 0x00007ffe3ed3b000 	C:\WINDOWS\System32\bcryptPrimitives.dll
0x00007ffdf6fe0000 - 0x00007ffdf7005000 	C:\Program Files\Android\Android Studio\jbr\bin\java.dll

dbghelp: loaded successfully - version: 4.0.5 - missing functions: none
symbol engine: initialized successfully - sym options: 0x614 - pdb path: .;C:\Program Files\Android\Android Studio\jbr\bin;C:\WINDOWS\SYSTEM32;C:\WINDOWS\WinSxS\amd64_microsoft.windows.common-controls_6595b64144ccf1df_6.0.22621.3672_none_2713b9d173822955;C:\Program Files\Android\Android Studio\jbr\bin\server

VM Arguments:
java_command: org.jetbrains.kotlin.cli.jvm.K2JVMCompiler @C:\Users\Dell\Downloads\TugasRetrofit\TugasRetrofit\app\build\20241119_13693705311821622045.compiler.options
java_class_path (initial): C:\Users\Dell\.gradle\caches\modules-2\files-2.1\org.jetbrains.kotlin\kotlin-compiler-embeddable\1.9.0\2c8c3a7402becca891f12739b3e9fd2dc2adbd7a\kotlin-compiler-embeddable-1.9.0.jar;C:\Users\Dell\.gradle\caches\modules-2\files-2.1\org.jetbrains.kotlin\kotlin-stdlib\1.9.0\8ee15ef0c67dc83d874f412d84378d7f0eb50b63\kotlin-stdlib-1.9.0.jar;C:\Users\Dell\.gradle\caches\modules-2\files-2.1\org.jetbrains.kotlin\kotlin-script-runtime\1.9.0\4b3102cbbb7e1b58d9d1adf89563f00069ffa7d1\kotlin-script-runtime-1.9.0.jar;C:\Users\Dell\.gradle\caches\modules-2\files-2.1\org.jetbrains.kotlin\kotlin-reflect\1.6.10\1cbe9c92c12a94eea200d23c2bbaedaf3daf5132\kotlin-reflect-1.6.10.jar;C:\Users\Dell\.gradle\caches\modules-2\files-2.1\org.jetbrains.kotlin\kotlin-daemon-embeddable\1.9.0\186543f5e28cf8d9a0290fecc2cf34301c40a65c\kotlin-daemon-embeddable-1.9.0.jar;C:\Users\Dell\.gradle\caches\modules-2\files-2.1\org.jetbrains.intellij.deps\trove4j\1.0.20200330\3afb14d5f9ceb459d724e907a21145e8ff394f02\trove4j-1.0.20200330.jar;C:\Users\Dell\.gradle\caches\modules-2\files-2.1\org.jetbrains.kotlin\kotlin-stdlib-common\1.9.0\cd65c21cfd1eec4d44ef09f9f52b6d9f8a720636\kotlin-stdlib-common-1.9.0.jar;C:\Users\Dell\.gradle\caches\modules-2\files-2.1\org.jetbrains\annotations\13.0\919f0dfe192fb4e063e7dacadee7f8bb9a2672a9\annotations-13.0.jar
Launcher Type: SUN_STANDARD

[Global flags]
     intx CICompilerCount                          = 4                                         {product} {ergonomic}
     uint ConcGCThreads                            = 3                                         {product} {ergonomic}
     uint G1ConcRefinementThreads                  = 10                                        {product} {ergonomic}
   size_t G1HeapRegionSize                         = 1048576                                   {product} {ergonomic}
    uintx GCDrainStackTargetSize                   = 64                                        {product} {ergonomic}
   size_t InitialHeapSize                          = 123731968                                 {product} {ergonomic}
   size_t MarkStackSize                            = 4194304                                   {product} {ergonomic}
   size_t MaxHeapSize                              = 1975517184                                {product} {ergonomic}
   size_t MinHeapDeltaBytes                        = 1048576                                   {product} {ergonomic}
   size_t MinHeapSize                              = 8388608                                   {product} {ergonomic}
    uintx NonNMethodCodeHeapSize                   = 5839372                                {pd product} {ergonomic}
    uintx NonProfiledCodeHeapSize                  = 122909434                              {pd product} {ergonomic}
    uintx ProfiledCodeHeapSize                     = 122909434                              {pd product} {ergonomic}
    uintx ReservedCodeCacheSize                    = 251658240                              {pd product} {ergonomic}
     bool SegmentedCodeCache                       = true                                      {product} {ergonomic}
   size_t SoftMaxHeapSize                          = 1975517184                             {manageable} {ergonomic}
     bool UseCompressedClassPointers               = true                           {product lp64_product} {ergonomic}
     bool UseCompressedOops                        = true                           {product lp64_product} {ergonomic}
     bool UseG1GC                                  = true                                      {product} {ergonomic}
     bool UseLargePagesIndividualAllocation        = false                                  {pd product} {ergonomic}

Logging:
Log output configuration:
 #0: stdout all=warning uptime,level,tags
 #1: stderr all=off uptime,level,tags

Environment Variables:
PATH=C:\Program Files\Common Files\Oracle\Java\javapath;C:\Program Files (x86)\Common Files\Oracle\Java\javapath;C:\app\Dell\product\21c\dbhomeXE\bin;C:\WINDOWS\system32;C:\WINDOWS;C:\WINDOWS\System32\Wbem;C:\WINDOWS\System32\WindowsPowerShell\v1.0\;C:\WINDOWS\System32\OpenSSH\;C:\Program Files\dotnet\;C:\xampp\php;C:\ProgramData\ComposerSetup\bin;C:\Program Files\Git\cmd;C:\Users\Dell\AppData\Local\Microsoft\WindowsApps;;C:\Users\Dell\AppData\Local\Programs\Microsoft VS Code\bin;C:\Program Files\JetBrains\IntelliJ IDEA Community Edition 2023.3.4\bin;;C:\Users\Dell\AppData\Roaming\Composer\vendor\bin
USERNAME=Dell
OS=Windows_NT
PROCESSOR_IDENTIFIER=AMD64 Family 23 Model 104 Stepping 1, AuthenticAMD
TMP=C:\Users\Dell\AppData\Local\Temp
TEMP=C:\Users\Dell\AppData\Local\Temp



Periodic native trim disabled

JNI global refs:
JNI global refs: 0, weak refs: 0

JNI global refs memory usage: 0, weak refs: 0

Process memory usage:
Resident Set Size: 11740K (0% of 7708936K total physical memory with 131712K free physical memory)

OOME stack traces (most recent first):
Classloader memory used:


---------------  S Y S T E M  ---------------

OS:
 Windows 11 , 64 bit Build 22621 (10.0.22621.3958)
OS uptime: 26 days 7:17 hours
Hyper-V role detected

CPU: total 12 (initial active 12) (12 cores per cpu, 2 threads per core) family 23 model 104 stepping 1 microcode 0x0, cx8, cmov, fxsr, ht, mmx, 3dnowpref, sse, sse2, sse3, ssse3, sse4a, sse4.1, sse4.2, popcnt, lzcnt, tsc, tscinvbit, avx, avx2, aes, clmul, bmi1, bmi2, adx, sha, fma, vzeroupper, clflush, clflushopt, hv
Processor Information for processor 0
  Max Mhz: 2100, Current Mhz: 2100, Mhz Limit: 2100
Processor Information for processor 1
  Max Mhz: 2100, Current Mhz: 1813, Mhz Limit: 2100
Processor Information for processor 2
  Max Mhz: 2100, Current Mhz: 2100, Mhz Limit: 2100
Processor Information for processor 3
  Max Mhz: 2100, Current Mhz: 2100, Mhz Limit: 2100
Processor Information for processor 4
  Max Mhz: 2100, Current Mhz: 2100, Mhz Limit: 2100
Processor Information for processor 5
  Max Mhz: 2100, Current Mhz: 1813, Mhz Limit: 2100
Processor Information for processor 6
  Max Mhz: 2100, Current Mhz: 2100, Mhz Limit: 2100
Processor Information for processor 7
  Max Mhz: 2100, Current Mhz: 1813, Mhz Limit: 2100
Processor Information for processor 8
  Max Mhz: 2100, Current Mhz: 2100, Mhz Limit: 2100
Processor Information for processor 9
  Max Mhz: 2100, Current Mhz: 2100, Mhz Limit: 2100
Processor Information for processor 10
  Max Mhz: 2100, Current Mhz: 2100, Mhz Limit: 2100
Processor Information for processor 11
  Max Mhz: 2100, Current Mhz: 2100, Mhz Limit: 2100

Memory: 4k page, system-wide physical 7528M (128M free)
TotalPageFile size 31080M (AvailPageFile size 63M)
current process WorkingSet (physical memory assigned to process): 11M, peak: 11M
current process commit charge ("private bytes"): 64M, peak: 182M

vm_info: OpenJDK 64-Bit Server VM (17.0.11+0--11852314) for windows-amd64 JRE (17.0.11+0--11852314), built on May 16 2024 21:29:20 by "androidbuild" with MS VC++ 16.10 / 16.11 (VS2019)

END.
